\BOOKMARK [0][-]{section*.1}{\376\377\116\055\145\207\144\130\211\201}{}% 1
\BOOKMARK [0][-]{section*.2}{\376\377\202\361\145\207\144\130\211\201}{}% 2
\BOOKMARK [0][-]{chapter.1}{\376\377\152\041\147\177\116\313\176\315\116\016\154\350\141\017\116\213\230\171}{}% 3
\BOOKMARK [1][-]{section.1.1}{\376\377\152\041\147\177\213\364\146\016}{chapter.1}% 4
\BOOKMARK [1][-]{section.1.2}{\376\377\116\013\217\175\133\211\210\305}{chapter.1}% 5
\BOOKMARK [1][-]{section.1.3}{\376\377\166\356\137\125\121\205\133\271}{chapter.1}% 6
\BOOKMARK [1][-]{section.1.4}{\376\377\123\302\200\003\145\207\163\056\165\037\142\020\145\271\154\325}{chapter.1}% 7
\BOOKMARK [1][-]{section.1.5}{\376\377\177\026\213\321\154\350\141\017\116\213\230\171}{chapter.1}% 8
\BOOKMARK [1][-]{section.1.6}{\376\377\174\373\176\337\211\201\154\102}{chapter.1}% 9
\BOOKMARK [1][-]{section.1.7}{\376\377\000T\000e\000X\000\040\173\200\116\313}{chapter.1}% 10
\BOOKMARK [2][-]{subsection.1.7.1}{\376\377\116\300\116\110\146\057\000\040\000T\000e\000X\000/\000L\000a\000T\000e\000X\000\040\377\014\142\021\146\057\124\046\136\224\213\345\220\011\142\351\133\203\377\037}{section.1.7}% 11
\BOOKMARK [2][-]{subsection.1.7.2}{\376\377\142\021\213\345\165\050\116\300\116\110\177\026\217\221\126\150\377\037}{section.1.7}% 12
\BOOKMARK [2][-]{subsection.1.7.3}{\376\377\142\021\136\224\213\345\167\013\116\300\116\110\000L\000a\000T\000e\000X\000\040\213\373\162\151\377\037}{section.1.7}% 13
\BOOKMARK [2][-]{subsection.1.7.4}{\376\377\116\300\116\110\167\345\213\306\117\032\217\307\145\366\377\037\116\300\116\110\116\015\117\032\377\037}{section.1.7}% 14
\BOOKMARK [1][-]{section.1.8}{\376\377\121\115\215\043\130\360\146\016}{chapter.1}% 15
\BOOKMARK [0][-]{chapter.2}{\376\377\126\376\162\107\166\204\143\322\121\145\145\271\154\325}{}% 16
\BOOKMARK [1][-]{section.2.1}{\376\377\170\024\172\166\165\037\153\325\116\032\213\272\145\207\166\204\143\322\126\376\211\304\203\003}{chapter.2}% 17
\BOOKMARK [2][-]{subsection.2.1.1}{\376\377\126\376\230\230\123\312\126\376\116\055\213\364\146\016}{section.2.1}% 18
\BOOKMARK [2][-]{subsection.2.1.2}{\376\377\143\322\126\376\177\026\143\222}{section.2.1}% 19
\BOOKMARK [1][-]{section.2.2}{\376\377\000L\000a\000T\000e\000X\000\040\116\055\143\250\203\120\117\177\165\050\166\204\126\376\162\107\150\074\137\017}{chapter.2}% 20
\BOOKMARK [1][-]{section.2.3}{\376\377\123\125\137\040\126\376\162\107\166\204\143\322\121\145\145\271\154\325}{chapter.2}% 21
\BOOKMARK [1][-]{section.2.4}{\376\377\121\167\147\011\133\120\126\376\166\204\126\376\162\107\143\322\121\145\145\271\154\325}{chapter.2}% 22
\BOOKMARK [0][-]{chapter.3}{\376\377\210\150\150\074\166\204\176\330\122\066\145\271\154\325}{}% 23
\BOOKMARK [1][-]{section.3.1}{\376\377\170\024\172\166\165\037\153\325\116\032\213\276\213\241\213\272\145\207\166\204\176\330\210\150\211\304\203\003}{chapter.3}% 24
\BOOKMARK [1][-]{section.3.2}{\376\377\146\156\220\032\210\150\150\074\166\204\176\330\122\066\145\271\154\325}{chapter.3}% 25
\BOOKMARK [1][-]{section.3.3}{\376\377\225\177\210\150\150\074\166\204\176\330\122\066\145\271\154\325}{chapter.3}% 26
\BOOKMARK [1][-]{section.3.4}{\376\377\122\027\133\275\123\357\214\003\210\150\150\074\166\204\176\330\122\066\145\271\154\325}{chapter.3}% 27
\BOOKMARK [2][-]{subsection.3.4.1}{\376\377\210\150\150\074\121\205\147\320\123\125\121\103\150\074\121\205\133\271\217\307\225\177\166\204\140\305\121\265}{section.3.4}% 28
\BOOKMARK [2][-]{subsection.3.4.2}{\376\377\133\371\162\151\164\006\221\317\173\046\123\367\217\333\210\114\154\350\221\312\166\204\140\305\121\265}{section.3.4}% 29
\BOOKMARK [0][-]{chapter.4}{\376\377\145\160\133\146\121\154\137\017\166\204\217\223\121\145\145\271\154\325}{}% 30
\BOOKMARK [1][-]{section.4.1}{\376\377\170\024\172\166\165\037\153\325\116\032\213\276\213\241\213\272\145\207\166\204\121\154\137\017\211\304\203\003}{chapter.4}% 31
\BOOKMARK [1][-]{section.4.2}{\376\377\165\037\142\020\000L\000a\000T\000e\000X\000\040\145\160\133\146\121\154\137\017\166\204\116\044\171\315\145\271\154\325}{chapter.4}% 32
\BOOKMARK [2][-]{subsection.4.2.1}{\376\377\127\372\116\216\000M\000a\000t\000h\000T\000y\000p\000e\217\157\116\366\166\204\145\160\133\146\121\154\137\017\165\037\142\020\145\271\154\325}{section.4.2}% 33
\BOOKMARK [2][-]{subsection.4.2.2}{\376\377\127\372\116\216\000M\000A\000T\000L\000A\000B\217\157\116\366\166\204\145\160\133\146\121\154\137\017\165\037\142\020\145\271\154\325}{section.4.2}% 34
\BOOKMARK [1][-]{section.4.3}{\376\377\145\160\133\146\133\127\117\123}{chapter.4}% 35
\BOOKMARK [1][-]{section.4.4}{\376\377\210\114\121\205\121\154\137\017}{chapter.4}% 36
\BOOKMARK [1][-]{section.4.5}{\376\377\210\114\225\364\121\154\137\017}{chapter.4}% 37
\BOOKMARK [1][-]{section.4.6}{\376\377\123\357\201\352\122\250\214\003\145\164\131\047\134\017\166\204\133\232\165\114\173\046}{chapter.4}% 38
\BOOKMARK [1][-]{section.4.7}{\376\377\145\160\133\146\221\315\227\363\173\046\123\367}{chapter.4}% 39
\BOOKMARK [0][-]{chapter.5}{\376\377\173\200\211\201\162\110\136\056\122\251}{}% 40
\BOOKMARK [1][-]{section.5.1}{\376\377\152\041\147\177\145\207\116\366\176\323\147\204}{chapter.5}% 41
\BOOKMARK [2][-]{subsection.5.1.1}{\376\377\145\207\163\056\137\025\165\050}{section.5.1}% 42
\BOOKMARK [2][-]{subsection.5.1.2}{\376\377\117\052\116\343\170\001\133\236\163\260}{section.5.1}% 43
\BOOKMARK [2][-]{subsection.5.1.3}{\376\377\116\343\170\001\134\125\171\072}{section.5.1}% 44
\BOOKMARK [1][-]{section.5.2}{\376\377\117\235\215\126}{chapter.5}% 45
\BOOKMARK [1][-]{section.5.3}{\376\377\127\372\147\054\213\276\177\156}{chapter.5}% 46
\BOOKMARK [1][-]{section.5.4}{\376\377\145\207\133\127\124\175\116\344}{chapter.5}% 47
\BOOKMARK [2][-]{subsection.5.4.1}{\376\377\136\070\165\050\124\175\116\344}{section.5.4}% 48
\BOOKMARK [0][-]{subsubsection.5.4.1.2}{\376\377\176\323\213\272}{}% 49
\BOOKMARK [0][-]{chapter*.14}{\376\377\123\302\200\003\145\207\163\056}{}% 50
\BOOKMARK [0][-]{chapter*.14}{\376\377\201\364\214\042}{}% 51
\BOOKMARK [0][-]{chapter*.15}{\376\377\226\104\137\125\000A\000\040\000\040\145\073\213\373\170\125\130\353\133\146\117\115\147\037\225\364\123\321\210\150\213\272\145\207\123\312\171\321\170\024\135\345\117\134\140\305\121\265}{}% 52
\BOOKMARK [0][-]{equation.5.4.1}{\376\377\226\104\137\125\000B\000\040\000\040\147\054\213\272\145\207\166\370\121\163\156\220\116\343\170\001}{}% 53
